wear/build/intermediates/manifest_merge_blame_file/debug/manifest-merger-blame-debug-report.txt
1<?xml version="1.0" encoding="utf-8"?>
2<manifest xmlns:android="http://schemas.android.com/apk/res/android"
3    package="com.samsung.android.eventsmonitor"
4    android:versionCode="1"
5    android:versionName="1.0" >
6
7    <uses-sdk
8        android:minSdkVersion="30"
8-->src/main/AndroidManifest.xml
9        android:targetSdkVersion="33" />
9-->src/main/AndroidManifest.xml
10
11    <uses-permission android:name="android.permission.WAKE_LOCK" />
11-->src/main/AndroidManifest.xml:5:5-68
11-->src/main/AndroidManifest.xml:5:22-65
12
13    <uses-feature android:name="android.hardware.type.watch" /> <!-- Needed in order to re-register for data on device startup. -->
13-->src/main/AndroidManifest.xml:7:5-64
13-->src/main/AndroidManifest.xml:7:19-61
14    <uses-permission android:name="android.permission.ACTIVITY_RECOGNITION" />
14-->src/main/AndroidManifest.xml:8:5-79
14-->src/main/AndroidManifest.xml:8:22-76
15    <uses-permission android:name="android.permission.RECEIVE_BOOT_COMPLETED" />
15-->src/main/AndroidManifest.xml:9:5-81
15-->src/main/AndroidManifest.xml:9:22-78
16    <uses-permission android:name="android.permission.FOREGROUND_SERVICE" />
16-->src/main/AndroidManifest.xml:10:5-77
16-->src/main/AndroidManifest.xml:10:22-74
17
18    <queries>
18-->src/main/AndroidManifest.xml:12:5-14:15
19        <package android:name="com.google.android.wearable.healthservices" />
19-->src/main/AndroidManifest.xml:13:9-78
19-->src/main/AndroidManifest.xml:13:18-75
20    </queries>
21
22    <uses-permission android:name="android.permission.ACCESS_NETWORK_STATE" />
22-->[androidx.work:work-runtime:2.7.1] AndroidManifest.xml:26:5-79
22-->[androidx.work:work-runtime:2.7.1] AndroidManifest.xml:26:22-76
23
24    <permission
24-->[androidx.core:core:1.9.0] AndroidManifest.xml:22:5-24:47
25        android:name="com.samsung.android.eventsmonitor.DYNAMIC_RECEIVER_NOT_EXPORTED_PERMISSION"
25-->[androidx.core:core:1.9.0] AndroidManifest.xml:23:9-81
26        android:protectionLevel="signature" />
26-->[androidx.core:core:1.9.0] AndroidManifest.xml:24:9-44
27
28    <uses-permission android:name="com.samsung.android.eventsmonitor.DYNAMIC_RECEIVER_NOT_EXPORTED_PERMISSION" />
28-->[androidx.core:core:1.9.0] AndroidManifest.xml:26:5-97
28-->[androidx.core:core:1.9.0] AndroidManifest.xml:26:22-94
29
30    <application
30-->src/main/AndroidManifest.xml:16:5-101:19
31        android:allowBackup="true"
31-->src/main/AndroidManifest.xml:17:9-35
32        android:appComponentFactory="androidx.core.app.CoreComponentFactory"
32-->[androidx.core:core:1.9.0] AndroidManifest.xml:28:18-86
33        android:debuggable="true"
34        android:extractNativeLibs="false"
35        android:icon="@drawable/ic_launcher"
35-->src/main/AndroidManifest.xml:18:9-45
36        android:label="@string/app_name"
36-->src/main/AndroidManifest.xml:19:9-41
37        android:supportsRtl="true"
37-->src/main/AndroidManifest.xml:20:9-35
38        android:theme="@style/Theme.MaterialComponents.NoActionBar" >
38-->src/main/AndroidManifest.xml:21:9-68
39        <service
39-->src/main/AndroidManifest.xml:22:9-30:19
40            android:name="com.samsung.android.eventsmonitor.MessageService"
40-->src/main/AndroidManifest.xml:23:13-43
41            android:enabled="true"
41-->src/main/AndroidManifest.xml:24:13-35
42            android:exported="true" >
42-->src/main/AndroidManifest.xml:25:13-36
43            <intent-filter>
43-->src/main/AndroidManifest.xml:26:13-29:29
44                <action android:name="com.google.android.gms.wearable.MESSAGE_RECEIVED" />
44-->src/main/AndroidManifest.xml:27:17-90
44-->src/main/AndroidManifest.xml:27:25-88
45
46                <data
46-->src/main/AndroidManifest.xml:28:17-93
47                    android:host="*"
47-->src/main/AndroidManifest.xml:28:45-61
48                    android:pathPrefix="/my_path"
48-->src/main/AndroidManifest.xml:28:62-91
49                    android:scheme="wear" />
49-->src/main/AndroidManifest.xml:28:23-44
50            </intent-filter>
51        </service>
52
53        <uses-library
53-->src/main/AndroidManifest.xml:32:9-34:39
54            android:name="com.google.android.wearable"
54-->src/main/AndroidManifest.xml:33:13-55
55            android:required="true" />
55-->src/main/AndroidManifest.xml:34:13-36
56        <!--
57               Set to true if your app is Standalone, that is, it does not require the handheld
58               app to run.
59        -->
60        <meta-data
60-->src/main/AndroidManifest.xml:39:9-41:36
61            android:name="com.google.android.wearable.standalone"
61-->src/main/AndroidManifest.xml:40:13-66
62            android:value="true" />
62-->src/main/AndroidManifest.xml:41:13-33
63
64        <activity
64-->src/main/AndroidManifest.xml:43:9-51:20
65            android:name="com.samsung.android.eventsmonitor.SeizureEndActivity"
65-->src/main/AndroidManifest.xml:44:13-47
66            android:exported="true"
66-->src/main/AndroidManifest.xml:45:13-36
67            android:label="@string/title_activity_seizure_end" >
67-->src/main/AndroidManifest.xml:46:13-63
68            <intent-filter>
68-->src/main/AndroidManifest.xml:47:13-50:29
69                <action android:name="android.intent.action.MAIN" />
69-->src/main/AndroidManifest.xml:48:17-69
69-->src/main/AndroidManifest.xml:48:25-66
70
71                <category android:name="android.intent.category.LAUNCHER" />
71-->src/main/AndroidManifest.xml:49:17-77
71-->src/main/AndroidManifest.xml:49:27-74
72            </intent-filter>
73        </activity>
74        <activity
74-->src/main/AndroidManifest.xml:52:9-55:59
75            android:name="com.samsung.android.eventsmonitor.CallActivity"
75-->src/main/AndroidManifest.xml:53:13-41
76            android:exported="false"
76-->src/main/AndroidManifest.xml:54:13-37
77            android:label="@string/title_activity_call" />
77-->src/main/AndroidManifest.xml:55:13-56
78        <activity
78-->src/main/AndroidManifest.xml:56:9-59:60
79            android:name="com.samsung.android.eventsmonitor.SoundActivity"
79-->src/main/AndroidManifest.xml:57:13-42
80            android:exported="false"
80-->src/main/AndroidManifest.xml:58:13-37
81            android:label="@string/title_activity_sound" />
81-->src/main/AndroidManifest.xml:59:13-57
82        <activity
82-->src/main/AndroidManifest.xml:60:9-63:66
83            android:name="com.samsung.android.eventsmonitor.AfterEventActivity"
83-->src/main/AndroidManifest.xml:61:13-47
84            android:exported="false"
84-->src/main/AndroidManifest.xml:62:13-37
85            android:label="@string/title_activity_after_event" />
85-->src/main/AndroidManifest.xml:63:13-63
86        <activity
86-->src/main/AndroidManifest.xml:64:9-72:20
87            android:name="com.samsung.android.eventsmonitor.MainActivity"
87-->src/main/AndroidManifest.xml:65:13-41
88            android:exported="false" >
88-->src/main/AndroidManifest.xml:66:13-37
89
90            <!-- <intent-filter> -->
91            <!-- <action android:name="android.intent.action.MAIN" /> -->
92
93
94            <!-- <category android:name="android.intent.category.LAUNCHER" /> -->
95            <!-- </intent-filter> -->
96        </activity>
97
98        <service
98-->src/main/AndroidManifest.xml:74:9-77:111
99            android:name="com.samsung.android.eventsmonitor.PassiveHealthEventService"
99-->src/main/AndroidManifest.xml:75:13-54
100            android:exported="true"
100-->src/main/AndroidManifest.xml:76:13-36
101            android:permission="com.google.android.wearable.healthservices.permission.PASSIVE_DATA_BINDING" /> <!-- Receiver that re-registers for background data after a device restart. -->
101-->src/main/AndroidManifest.xml:77:13-108
102        <receiver
102-->src/main/AndroidManifest.xml:78:9-84:20
103            android:name="com.samsung.android.eventsmonitor.StartupReceiver"
103-->src/main/AndroidManifest.xml:79:13-44
104            android:exported="true" >
104-->src/main/AndroidManifest.xml:80:13-36
105            <intent-filter>
105-->src/main/AndroidManifest.xml:81:13-83:29
106                <action android:name="android.intent.action.BOOT_COMPLETED" />
106-->src/main/AndroidManifest.xml:82:17-79
106-->src/main/AndroidManifest.xml:82:25-76
107            </intent-filter>
108        </receiver>
109        <!--
110 Our application implements Configuration.Provider, so we don't need this to initialize
111             WorkManager.
112        -->
113        <provider
114            android:name="androidx.startup.InitializationProvider"
114-->src/main/AndroidManifest.xml:90:13-67
115            android:authorities="com.samsung.android.eventsmonitor.androidx-startup"
115-->src/main/AndroidManifest.xml:91:13-68
116            android:exported="false" >
116-->src/main/AndroidManifest.xml:92:13-37
117            <meta-data
117-->[androidx.emoji2:emoji2:1.2.0] AndroidManifest.xml:29:13-31:52
118                android:name="androidx.emoji2.text.EmojiCompatInitializer"
118-->[androidx.emoji2:emoji2:1.2.0] AndroidManifest.xml:30:17-75
119                android:value="androidx.startup" />
119-->[androidx.emoji2:emoji2:1.2.0] AndroidManifest.xml:31:17-49
120            <meta-data
120-->[androidx.lifecycle:lifecycle-process:2.4.1] AndroidManifest.xml:31:13-33:52
121                android:name="androidx.lifecycle.ProcessLifecycleInitializer"
121-->[androidx.lifecycle:lifecycle-process:2.4.1] AndroidManifest.xml:32:17-78
122                android:value="androidx.startup" />
122-->[androidx.lifecycle:lifecycle-process:2.4.1] AndroidManifest.xml:33:17-49
123        </provider>
124
125        <activity
125-->[com.google.android.gms:play-services-base:18.0.1] AndroidManifest.xml:20:9-22:45
126            android:name="com.google.android.gms.common.api.GoogleApiActivity"
126-->[com.google.android.gms:play-services-base:18.0.1] AndroidManifest.xml:20:19-85
127            android:exported="false"
127-->[com.google.android.gms:play-services-base:18.0.1] AndroidManifest.xml:22:19-43
128            android:theme="@android:style/Theme.Translucent.NoTitleBar" />
128-->[com.google.android.gms:play-services-base:18.0.1] AndroidManifest.xml:21:19-78
129
130        <meta-data
130-->[com.google.android.gms:play-services-basement:18.0.0] AndroidManifest.xml:21:9-23:69
131            android:name="com.google.android.gms.version"
131-->[com.google.android.gms:play-services-basement:18.0.0] AndroidManifest.xml:22:13-58
132            android:value="@integer/google_play_services_version" />
132-->[com.google.android.gms:play-services-basement:18.0.0] AndroidManifest.xml:23:13-66
133
134        <service
134-->[androidx.health:health-services-client:1.0.0-beta01] AndroidManifest.xml:24:9-31:19
135            android:name="androidx.health.services.client.VersionApiService"
135-->[androidx.health:health-services-client:1.0.0-beta01] AndroidManifest.xml:25:13-77
136            android:exported="true"
136-->[androidx.health:health-services-client:1.0.0-beta01] AndroidManifest.xml:26:13-36
137            android:permission="com.google.android.wearable.healthservices.permission.PASSIVE_DATA_BINDING" >
137-->[androidx.health:health-services-client:1.0.0-beta01] AndroidManifest.xml:27:13-108
138            <intent-filter>
138-->[androidx.health:health-services-client:1.0.0-beta01] AndroidManifest.xml:28:13-30:29
139                <action android:name="hs.versionclient.BIND" />
139-->[androidx.health:health-services-client:1.0.0-beta01] AndroidManifest.xml:29:17-64
139-->[androidx.health:health-services-client:1.0.0-beta01] AndroidManifest.xml:29:25-61
140            </intent-filter>
141        </service>
142        <service
142-->[androidx.work:work-runtime:2.7.1] AndroidManifest.xml:41:9-46:35
143            android:name="androidx.work.impl.background.systemalarm.SystemAlarmService"
143-->[androidx.work:work-runtime:2.7.1] AndroidManifest.xml:42:13-88
144            android:directBootAware="false"
144-->[androidx.work:work-runtime:2.7.1] AndroidManifest.xml:43:13-44
145            android:enabled="@bool/enable_system_alarm_service_default"
145-->[androidx.work:work-runtime:2.7.1] AndroidManifest.xml:44:13-72
146            android:exported="false" />
146-->[androidx.work:work-runtime:2.7.1] AndroidManifest.xml:45:13-37
147        <service
147-->[androidx.work:work-runtime:2.7.1] AndroidManifest.xml:47:9-53:35
148            android:name="androidx.work.impl.background.systemjob.SystemJobService"
148-->[androidx.work:work-runtime:2.7.1] AndroidManifest.xml:48:13-84
149            android:directBootAware="false"
149-->[androidx.work:work-runtime:2.7.1] AndroidManifest.xml:49:13-44
150            android:enabled="@bool/enable_system_job_service_default"
150-->[androidx.work:work-runtime:2.7.1] AndroidManifest.xml:50:13-70
151            android:exported="true"
151-->[androidx.work:work-runtime:2.7.1] AndroidManifest.xml:51:13-36
152            android:permission="android.permission.BIND_JOB_SERVICE" />
152-->[androidx.work:work-runtime:2.7.1] AndroidManifest.xml:52:13-69
153        <service
153-->[androidx.work:work-runtime:2.7.1] AndroidManifest.xml:54:9-59:35
154            android:name="androidx.work.impl.foreground.SystemForegroundService"
154-->[androidx.work:work-runtime:2.7.1] AndroidManifest.xml:55:13-81
155            android:directBootAware="false"
155-->[androidx.work:work-runtime:2.7.1] AndroidManifest.xml:56:13-44
156            android:enabled="@bool/enable_system_foreground_service_default"
156-->[androidx.work:work-runtime:2.7.1] AndroidManifest.xml:57:13-77
157            android:exported="false" />
157-->[androidx.work:work-runtime:2.7.1] AndroidManifest.xml:58:13-37
158
159        <receiver
159-->[androidx.work:work-runtime:2.7.1] AndroidManifest.xml:61:9-66:35
160            android:name="androidx.work.impl.utils.ForceStopRunnable$BroadcastReceiver"
160-->[androidx.work:work-runtime:2.7.1] AndroidManifest.xml:62:13-88
161            android:directBootAware="false"
161-->[androidx.work:work-runtime:2.7.1] AndroidManifest.xml:63:13-44
162            android:enabled="true"
162-->[androidx.work:work-runtime:2.7.1] AndroidManifest.xml:64:13-35
163            android:exported="false" />
163-->[androidx.work:work-runtime:2.7.1] AndroidManifest.xml:65:13-37
164        <receiver
164-->[androidx.work:work-runtime:2.7.1] AndroidManifest.xml:67:9-77:20
165            android:name="androidx.work.impl.background.systemalarm.ConstraintProxy$BatteryChargingProxy"
165-->[androidx.work:work-runtime:2.7.1] AndroidManifest.xml:68:13-106
166            android:directBootAware="false"
166-->[androidx.work:work-runtime:2.7.1] AndroidManifest.xml:69:13-44
167            android:enabled="false"
167-->[androidx.work:work-runtime:2.7.1] AndroidManifest.xml:70:13-36
168            android:exported="false" >
168-->[androidx.work:work-runtime:2.7.1] AndroidManifest.xml:71:13-37
169            <intent-filter>
169-->[androidx.work:work-runtime:2.7.1] AndroidManifest.xml:73:13-76:29
170                <action android:name="android.intent.action.ACTION_POWER_CONNECTED" />
170-->[androidx.work:work-runtime:2.7.1] AndroidManifest.xml:74:17-87
170-->[androidx.work:work-runtime:2.7.1] AndroidManifest.xml:74:25-84
171                <action android:name="android.intent.action.ACTION_POWER_DISCONNECTED" />
171-->[androidx.work:work-runtime:2.7.1] AndroidManifest.xml:75:17-90
171-->[androidx.work:work-runtime:2.7.1] AndroidManifest.xml:75:25-87
172            </intent-filter>
173        </receiver>
174        <receiver
174-->[androidx.work:work-runtime:2.7.1] AndroidManifest.xml:78:9-88:20
175            android:name="androidx.work.impl.background.systemalarm.ConstraintProxy$BatteryNotLowProxy"
175-->[androidx.work:work-runtime:2.7.1] AndroidManifest.xml:79:13-104
176            android:directBootAware="false"
176-->[androidx.work:work-runtime:2.7.1] AndroidManifest.xml:80:13-44
177            android:enabled="false"
177-->[androidx.work:work-runtime:2.7.1] AndroidManifest.xml:81:13-36
178            android:exported="false" >
178-->[androidx.work:work-runtime:2.7.1] AndroidManifest.xml:82:13-37
179            <intent-filter>
179-->[androidx.work:work-runtime:2.7.1] AndroidManifest.xml:84:13-87:29
180                <action android:name="android.intent.action.BATTERY_OKAY" />
180-->[androidx.work:work-runtime:2.7.1] AndroidManifest.xml:85:17-77
180-->[androidx.work:work-runtime:2.7.1] AndroidManifest.xml:85:25-74
181                <action android:name="android.intent.action.BATTERY_LOW" />
181-->[androidx.work:work-runtime:2.7.1] AndroidManifest.xml:86:17-76
181-->[androidx.work:work-runtime:2.7.1] AndroidManifest.xml:86:25-73
182            </intent-filter>
183        </receiver>
184        <receiver
184-->[androidx.work:work-runtime:2.7.1] AndroidManifest.xml:89:9-99:20
185            android:name="androidx.work.impl.background.systemalarm.ConstraintProxy$StorageNotLowProxy"
185-->[androidx.work:work-runtime:2.7.1] AndroidManifest.xml:90:13-104
186            android:directBootAware="false"
186-->[androidx.work:work-runtime:2.7.1] AndroidManifest.xml:91:13-44
187            android:enabled="false"
187-->[androidx.work:work-runtime:2.7.1] AndroidManifest.xml:92:13-36
188            android:exported="false" >
188-->[androidx.work:work-runtime:2.7.1] AndroidManifest.xml:93:13-37
189            <intent-filter>
189-->[androidx.work:work-runtime:2.7.1] AndroidManifest.xml:95:13-98:29
190                <action android:name="android.intent.action.DEVICE_STORAGE_LOW" />
190-->[androidx.work:work-runtime:2.7.1] AndroidManifest.xml:96:17-83
190-->[androidx.work:work-runtime:2.7.1] AndroidManifest.xml:96:25-80
191                <action android:name="android.intent.action.DEVICE_STORAGE_OK" />
191-->[androidx.work:work-runtime:2.7.1] AndroidManifest.xml:97:17-82
191-->[androidx.work:work-runtime:2.7.1] AndroidManifest.xml:97:25-79
192            </intent-filter>
193        </receiver>
194        <receiver
194-->[androidx.work:work-runtime:2.7.1] AndroidManifest.xml:100:9-109:20
195            android:name="androidx.work.impl.background.systemalarm.ConstraintProxy$NetworkStateProxy"
195-->[androidx.work:work-runtime:2.7.1] AndroidManifest.xml:101:13-103
196            android:directBootAware="false"
196-->[androidx.work:work-runtime:2.7.1] AndroidManifest.xml:102:13-44
197            android:enabled="false"
197-->[androidx.work:work-runtime:2.7.1] AndroidManifest.xml:103:13-36
198            android:exported="false" >
198-->[androidx.work:work-runtime:2.7.1] AndroidManifest.xml:104:13-37
199            <intent-filter>
199-->[androidx.work:work-runtime:2.7.1] AndroidManifest.xml:106:13-108:29
200                <action android:name="android.net.conn.CONNECTIVITY_CHANGE" />
200-->[androidx.work:work-runtime:2.7.1] AndroidManifest.xml:107:17-79
200-->[androidx.work:work-runtime:2.7.1] AndroidManifest.xml:107:25-76
201            </intent-filter>
202        </receiver>
203        <receiver
203-->[androidx.work:work-runtime:2.7.1] AndroidManifest.xml:110:9-121:20
204            android:name="androidx.work.impl.background.systemalarm.RescheduleReceiver"
204-->[androidx.work:work-runtime:2.7.1] AndroidManifest.xml:111:13-88
205            android:directBootAware="false"
205-->[androidx.work:work-runtime:2.7.1] AndroidManifest.xml:112:13-44
206            android:enabled="false"
206-->[androidx.work:work-runtime:2.7.1] AndroidManifest.xml:113:13-36
207            android:exported="false" >
207-->[androidx.work:work-runtime:2.7.1] AndroidManifest.xml:114:13-37
208            <intent-filter>
208-->[androidx.work:work-runtime:2.7.1] AndroidManifest.xml:116:13-120:29
209                <action android:name="android.intent.action.BOOT_COMPLETED" />
209-->src/main/AndroidManifest.xml:82:17-79
209-->src/main/AndroidManifest.xml:82:25-76
210                <action android:name="android.intent.action.TIME_SET" />
210-->[androidx.work:work-runtime:2.7.1] AndroidManifest.xml:118:17-73
210-->[androidx.work:work-runtime:2.7.1] AndroidManifest.xml:118:25-70
211                <action android:name="android.intent.action.TIMEZONE_CHANGED" />
211-->[androidx.work:work-runtime:2.7.1] AndroidManifest.xml:119:17-81
211-->[androidx.work:work-runtime:2.7.1] AndroidManifest.xml:119:25-78
212            </intent-filter>
213        </receiver>
214        <receiver
214-->[androidx.work:work-runtime:2.7.1] AndroidManifest.xml:122:9-131:20
215            android:name="androidx.work.impl.background.systemalarm.ConstraintProxyUpdateReceiver"
215-->[androidx.work:work-runtime:2.7.1] AndroidManifest.xml:123:13-99
216            android:directBootAware="false"
216-->[androidx.work:work-runtime:2.7.1] AndroidManifest.xml:124:13-44
217            android:enabled="@bool/enable_system_alarm_service_default"
217-->[androidx.work:work-runtime:2.7.1] AndroidManifest.xml:125:13-72
218            android:exported="false" >
218-->[androidx.work:work-runtime:2.7.1] AndroidManifest.xml:126:13-37
219            <intent-filter>
219-->[androidx.work:work-runtime:2.7.1] AndroidManifest.xml:128:13-130:29
220                <action android:name="androidx.work.impl.background.systemalarm.UpdateProxies" />
220-->[androidx.work:work-runtime:2.7.1] AndroidManifest.xml:129:17-98
220-->[androidx.work:work-runtime:2.7.1] AndroidManifest.xml:129:25-95
221            </intent-filter>
222        </receiver>
223        <receiver
223-->[androidx.work:work-runtime:2.7.1] AndroidManifest.xml:132:9-142:20
224            android:name="androidx.work.impl.diagnostics.DiagnosticsReceiver"
224-->[androidx.work:work-runtime:2.7.1] AndroidManifest.xml:133:13-78
225            android:directBootAware="false"
225-->[androidx.work:work-runtime:2.7.1] AndroidManifest.xml:134:13-44
226            android:enabled="true"
226-->[androidx.work:work-runtime:2.7.1] AndroidManifest.xml:135:13-35
227            android:exported="true"
227-->[androidx.work:work-runtime:2.7.1] AndroidManifest.xml:136:13-36
228            android:permission="android.permission.DUMP" >
228-->[androidx.work:work-runtime:2.7.1] AndroidManifest.xml:137:13-57
229            <intent-filter>
229-->[androidx.work:work-runtime:2.7.1] AndroidManifest.xml:139:13-141:29
230                <action android:name="androidx.work.diagnostics.REQUEST_DIAGNOSTICS" />
230-->[androidx.work:work-runtime:2.7.1] AndroidManifest.xml:140:17-88
230-->[androidx.work:work-runtime:2.7.1] AndroidManifest.xml:140:25-85
231            </intent-filter>
232        </receiver>
233
234        <service
234-->[androidx.room:room-runtime:2.2.5] AndroidManifest.xml:25:9-28:40
235            android:name="androidx.room.MultiInstanceInvalidationService"
235-->[androidx.room:room-runtime:2.2.5] AndroidManifest.xml:26:13-74
236            android:directBootAware="true"
236-->[androidx.room:room-runtime:2.2.5] AndroidManifest.xml:27:13-43
237            android:exported="false" />
237-->[androidx.room:room-runtime:2.2.5] AndroidManifest.xml:28:13-37
238    </application>
239
240</manifest>